-------------------------------------------------------------------------------
Test set: com.nice.coday.ElectricityConsumptionCalculatorTest
-------------------------------------------------------------------------------
<<<<<<< Updated upstream
Tests run: 1, Failures: 0, Errors: 1, Skipped: 0, Time elapsed: 0.074 s <<< FAILURE! - in com.nice.coday.ElectricityConsumptionCalculatorTest
test1(com.nice.coday.ElectricityConsumptionCalculatorTest)  Time elapsed: 0.045 s  <<< ERROR!
org.apache.poi.ss.formula.eval.NotImplementedException: Not implemented yet.
	at com.nice.coday.ElectricityConsumptionCalculatorTest.test1(ElectricityConsumptionCalculatorTest.java:36)
=======
Tests run: 1, Failures: 1, Errors: 0, Skipped: 0, Time elapsed: 0.092 s <<< FAILURE! - in com.nice.coday.ElectricityConsumptionCalculatorTest
test1(com.nice.coday.ElectricityConsumptionCalculatorTest)  Time elapsed: 0.058 s  <<< FAILURE!
java.lang.AssertionError: expected:<690.6> but was:<0.0>
	at com.nice.coday.ElectricityConsumptionCalculatorTest.test1(ElectricityConsumptionCalculatorTest.java:41)
>>>>>>> Stashed changes

