-------------------------------------------------------------------------------
Test set: com.nice.coday.ElectricityConsumptionCalculatorTest
-------------------------------------------------------------------------------
Tests run: 6, Failures: 4, Errors: 0, Skipped: 0, Time elapsed: 2.177 s <<< FAILURE! - in com.nice.coday.ElectricityConsumptionCalculatorTest
test2(com.nice.coday.ElectricityConsumptionCalculatorTest)  Time elapsed: 0.022 s  <<< FAILURE!
java.lang.AssertionError: expected:<3972.0> but was:<3951.2400000000002>
	at com.nice.coday.ElectricityConsumptionCalculatorTest.test2(ElectricityConsumptionCalculatorTest.java:95)

test5(com.nice.coday.ElectricityConsumptionCalculatorTest)  Time elapsed: 0.159 s  <<< FAILURE!
java.lang.AssertionError: expected:<351797.0> but was:<351168.16000000003>
	at com.nice.coday.ElectricityConsumptionCalculatorTest.test5(ElectricityConsumptionCalculatorTest.java:189)

test6(com.nice.coday.ElectricityConsumptionCalculatorTest)  Time elapsed: 0.551 s  <<< FAILURE!
java.lang.AssertionError: expected:<2741580.0> but was:<2737234.35>
	at com.nice.coday.ElectricityConsumptionCalculatorTest.test6(ElectricityConsumptionCalculatorTest.java:229)

test7(com.nice.coday.ElectricityConsumptionCalculatorTest)  Time elapsed: 1.243 s  <<< FAILURE!
java.lang.AssertionError: expected:<1.2823458E7> but was:<1.28024012E7>
	at com.nice.coday.ElectricityConsumptionCalculatorTest.test7(ElectricityConsumptionCalculatorTest.java:272)

