-------------------------------------------------------------------------------
Test set: com.nice.coday.ElectricityConsumptionCalculatorTest
-------------------------------------------------------------------------------
Tests run: 7, Failures: 4, Errors: 0, Skipped: 0, Time elapsed: 1.943 s <<< FAILURE! - in com.nice.coday.ElectricityConsumptionCalculatorTest
test2(com.nice.coday.ElectricityConsumptionCalculatorTest)  Time elapsed: 0.015 s  <<< FAILURE!
java.lang.AssertionError: expected:<3972.0> but was:<3952.12>
	at com.nice.coday.ElectricityConsumptionCalculatorTest.test2(ElectricityConsumptionCalculatorTest.java:98)

test5(com.nice.coday.ElectricityConsumptionCalculatorTest)  Time elapsed: 0.12 s  <<< FAILURE!
java.lang.AssertionError: expected:<351797.0> but was:<351262.03>
	at com.nice.coday.ElectricityConsumptionCalculatorTest.test5(ElectricityConsumptionCalculatorTest.java:202)

test6(com.nice.coday.ElectricityConsumptionCalculatorTest)  Time elapsed: 0.469 s  <<< FAILURE!
java.lang.AssertionError: expected:<2741580.0> but was:<2738051.9>
	at com.nice.coday.ElectricityConsumptionCalculatorTest.test6(ElectricityConsumptionCalculatorTest.java:242)

test7(com.nice.coday.ElectricityConsumptionCalculatorTest)  Time elapsed: 1.1 s  <<< FAILURE!
java.lang.AssertionError: expected:<1.2823458E7> but was:<1.280655184E7>
	at com.nice.coday.ElectricityConsumptionCalculatorTest.test7(ElectricityConsumptionCalculatorTest.java:285)

