<?xml version="1.0" encoding="UTF-8"?>
<testsuite xmlns:xsi="http://www.w3.org/2001/XMLSchema-instance" xsi:noNamespaceSchemaLocation="https://maven.apache.org/surefire/maven-surefire-plugin/xsd/surefire-test-report.xsd" name="com.nice.coday.ElectricityConsumptionCalculatorTest" time="2.177" tests="6" errors="0" skipped="0" failures="4">
  <properties>
[...]
</properties>
  <testcase name="test1" classname="com.nice.coday.ElectricityConsumptionCalculatorTest" time="0.111"/>
  <testcase name="test2" classname="com.nice.coday.ElectricityConsumptionCalculatorTest" time="0.022">
    <failure message="expected:&lt;3972.0&gt; but was:&lt;3951.2400000000002&gt;" type="java.lang.AssertionError"><![CDATA[java.lang.AssertionError: expected:<3972.0> but was:<3951.2400000000002>
	at com.nice.coday.ElectricityConsumptionCalculatorTest.test2(ElectricityConsumptionCalculatorTest.java:95)
]]></failure>
  </testcase>
  <testcase name="test3" classname="com.nice.coday.ElectricityConsumptionCalculatorTest" time="0.01"/>
  <testcase name="test5" classname="com.nice.coday.ElectricityConsumptionCalculatorTest" time="0.159">
    <failure message="expected:&lt;351797.0&gt; but was:&lt;351168.16000000003&gt;" type="java.lang.AssertionError"><![CDATA[java.lang.AssertionError: expected:<351797.0> but was:<351168.16000000003>
	at com.nice.coday.ElectricityConsumptionCalculatorTest.test5(ElectricityConsumptionCalculatorTest.java:189)
]]></failure>
  </testcase>
  <testcase name="test6" classname="com.nice.coday.ElectricityConsumptionCalculatorTest" time="0.551">
    <failure message="expected:&lt;2741580.0&gt; but was:&lt;2737234.35&gt;" type="java.lang.AssertionError"><![CDATA[java.lang.AssertionError: expected:<2741580.0> but was:<2737234.35>
	at com.nice.coday.ElectricityConsumptionCalculatorTest.test6(ElectricityConsumptionCalculatorTest.java:229)
]]></failure>
    <system-out><![CDATA[actualTotalUnitsConsumed : 2737234.35
]]></system-out>
  </testcase>
  <testcase name="test7" classname="com.nice.coday.ElectricityConsumptionCalculatorTest" time="1.243">
    <failure message="expected:&lt;1.2823458E7&gt; but was:&lt;1.28024012E7&gt;" type="java.lang.AssertionError"><![CDATA[java.lang.AssertionError: expected:<1.2823458E7> but was:<1.28024012E7>
	at com.nice.coday.ElectricityConsumptionCalculatorTest.test7(ElectricityConsumptionCalculatorTest.java:272)
]]></failure>
  </testcase>
</testsuite>